0.051882 118
37.480356 1
0.000064 1
0.000057 1
0.000061 1
0.000059 1
0.000062 1
0.000063 1
0.000065 1
0.000066 1
0.000059 1
0.000066 1
0.000077 1
0.000096 1
0.000038 1
0.000086 1
0.000172 3
0.000068 1
0.000064 1
0.000072 1
0.000066 1
0.000068 1
0.000070 1
0.000073 1
0.000080 1
0.000080 1
0.000071 1
0.000078 1
0.000075 1
0.000074 1
0.000081 1
0.000090 1
0.000079 1
0.000104 1
0.000063 1
0.000057 1
0.000060 1
0.000063 1
0.000060 1
0.000064 1
1.052349 2
0.001948 44
0.054056 118
1.925009 1
0.195140 1
0.205319 1
0.249799 1
0.220405 1
0.344513 1
0.132217 1
0.500536 1
0.268919 2
0.000087 3
0.000224 118
1.210093 8
0.340449 17
0.365363 21
0.290744 1
0.334391 7
0.110062 3
0.254914 2
0.000067 3
0.000394 118
2.555299 1
0.635925 4
17.323286 1
0.455253 1
0.155240 1
0.194568 1
0.325727 2
0.000049 6
0.024245 42
0.000728 118
12.922333 1
0.000093 1
0.000092 1
0.000075 1
0.000093 1
0.000121 1
0.000100 1
0.000085 1
0.000079 1
0.000097 1
0.000099 1
0.000115 1
0.000106 1
0.000102 1
0.000094 1
0.000094 1
0.000097 1
0.000135 1
0.000096 1
0.000114 1
0.000111 1
0.000096 1
0.000104 1
0.000113 1
0.000099 1
0.000122 1
0.000116 1
0.000111 1
0.000119 1
0.000112 1
0.000106 1
0.000170 1
0.000064 1
0.000118 1
0.000124 1
0.000136 1
0.000121 1
0.000130 1
0.815667 2
0.064339 118
1.923765 1
0.195135 1
0.205326 1
0.249800 1
0.220352 1
0.344300 1
0.132208 1
0.500253 1
0.268858 7
0.000310 118
1.209377 8
0.340333 17
0.365275 21
0.290717 1
0.334350 7
0.110191 3
0.254796 7
0.000478 118
2.553480 1
0.635556 4
17.311194 1
0.455157 1
0.155170 1
0.194531 1
0.325714 12
0.000697 118
108.917764 1
0.275269 1
0.190195 1
0.165173 1
0.100069 1
0.135714 1
0.870103 1
0.410217 1
0.125097 1
0.170484 1
0.129861 1
0.184454 1
0.000013 1
1.314990 1
0.096559 1
0.399313 5
0.507139 2
0.002477 118
1.377556 1
0.460283 1
0.275149 1
0.064873 1
0.135315 1
0.235317 5
0.450439 2
0.001730 41
0.000663 118
7.907392 10
0.284556 2
0.002324 62
0.000009 135
0.000013 58
0.000023 14
0.000009 19
0.000018 22
0.000004 29
0.000018 56
0.000009 27
0.000006 14
0.000012 19
0.000011 27
0.000014 34
0.000012 41
0.000007 25
0.000009 32
0.000007 19
0.000003 18
0.000013 16
0.000004 15
0.000014 62
0.000008 102
0.000004 78
0.000004 66
0.000009 29
0.000011 22
0.000006 17
0.000015 20
0.000012 59
0.000006 20
0.000010 59
0.000005 20
0.000010 59
0.000003 20
0.000013 59
0.000003 20
0.000012 59
0.000003 20
0.000012 59
0.000004 20
0.000012 59
0.000003 20
0.000012 59
0.000004 22
0.000013 22
0.000011 20
0.000010 59
0.000004 20
0.000011 59
0.000004 20
0.000011 59
0.000004 20
0.000012 59
0.000007 59
0.000010 14
0.000012 52
0.000005 69
0.000004 23
0.000003 37
0.000587 118
1060.756286 10
0.249727 2
0.004970 19
0.000009 178
0.000004 49
0.000011 9
0.000058 33
0.000012 22
0.000040 85
0.000007 27
0.000003 14
0.000021 46
0.000058 100
0.000007 32
0.000008 19
0.000004 18
0.000041 273
0.000009 66
0.000003 29
0.000013 22
0.000004 17
0.000014 20
0.000010 59
0.000004 20
0.000013 59
0.000007 20
0.000011 59
0.000006 20
0.000011 59
0.000003 20
0.000013 59
0.000006 20
0.000010 59
0.000004 20
0.000012 59
0.000006 20
0.000011 59
0.000003 22
0.000014 22
0.000012 20
0.000013 59
0.000006 20
0.000010 59
0.000004 20
0.000012 59
0.000007 20
0.000010 59
0.000007 59
0.000011 14
0.000015 52
0.000008 71
0.000008 58
0.001052 44
0.000365 47
0.000821 118
78.044889 10
0.214365 2
0.002597 19
0.000040 236
0.000035 55
0.000018 29
0.000005 36
0.000016 20
0.000005 27
0.000017 14
0.000004 19
0.000014 27
0.000014 34
0.000015 41
0.000008 25
0.000012 32
0.000009 19
0.000003 18
0.000014 16
0.000004 15
0.000017 62
0.000009 102
0.000005 78
0.000008 66
0.000004 15
0.000003 14
0.000011 22
0.000006 17
0.000013 20
0.000010 59
0.000003 20
0.000012 59
0.000003 20
0.000012 59
0.000004 20
0.000010 59
0.000004 20
0.000011 59
0.000024 99
0.000003 59
0.000009 20
0.000011 59
0.000004 22
0.000014 22
0.000013 20
0.000013 59
0.000007 20
0.000012 59
0.000007 20
0.000012 59
0.000003 20
0.000011 59
0.000007 59
0.000011 14
0.000016 50
0.000010 73
0.000008 58
0.001040 44
0.000340 47
0.000940 44
0.000347 76
0.000606 118
83.637128 10
0.234636 2
0.003411 118
20.348957 10
0.249730 2
0.002594 22
0.000344 29
0.000585 118
152.269561 10
0.799964 2
0.002928 5
0.000026 14
0.000023 43
0.000007 54
0.000012 81
0.000014 49
0.000013 9
0.000052 33
0.000022 51
0.000020 36
0.000015 20
0.000021 41
0.000017 19
0.000018 27
0.000018 34
0.000018 41
0.000013 25
0.000014 32
0.000016 37
0.000020 31
0.000027 62
0.000007 37
0.000007 31
0.000007 112
0.000007 66
0.000013 29
0.000022 22
0.000007 17
0.000024 20
0.000013 59
0.000012 20
0.000015 59
0.000007 20
0.000014 59
0.000007 20
0.000012 59
0.000012 20
0.000016 59
0.000007 20
0.000018 59
0.000007 20
0.000019 59
0.000007 20
0.000020 59
0.000007 22
0.000019 22
0.000018 20
0.000017 59
0.000010 20
0.000015 59
0.000010 20
0.000017 59
0.000007 20
0.000019 59
0.000013 35
0.000007 24
0.000011 14
0.000018 52
0.000008 22
0.000007 70
0.000006 37
0.000750 118
15.313474 10
0.554767 2
0.005926 19
0.000025 104
0.000059 33
0.000029 87
0.000011 20
0.000010 27
0.000004 14
0.000018 19
0.000005 27
0.000018 34
0.000005 41
0.000015 57
0.000010 19
0.000005 18
0.000014 31
0.000017 62
0.000007 102
0.000004 37
0.000004 41
0.000006 66
0.000009 29
0.000019 22
0.000008 17
0.000017 20
0.000014 59
0.000007 20
0.000012 59
0.000008 20
0.000012 59
0.000010 20
0.000011 59
0.000008 20
0.000014 59
0.000004 20
0.000015 79
0.000015 59
0.000005 20
0.000011 59
0.000004 22
0.000013 22
0.000011 20
0.000014 59
0.000005 20
0.000016 59
0.000005 20
0.000013 59
0.000005 20
0.000014 59
0.000008 35
0.000005 24
0.000010 14
0.000016 76
0.000005 25
0.000543 118
136.180088 10
0.394886 2
0.003524 19
0.000011 23
0.000883 118
145.583646 10
0.939870 2
0.002796 19
0.000040 9
0.000017 14
0.000011 19
0.000024 22
0.000015 29
0.000018 20
0.000017 14
0.000015 19
0.000026 27
0.000012 34
0.000015 25
0.000015 18
0.000011 15
0.000018 14
0.000012 17
0.000014 20
0.000012 20
0.000012 20
0.000012 20
0.000012 20
0.000012 20
0.000012 20
0.000012 20
0.000012 22
0.000010 22
0.000011 20
0.000011 20
0.000012 20
0.000012 20
0.000018 14
0.000552 118
392.231357 10
1.316900 2
0.002693 31
0.000630 118
25.964547 10
0.279472 2
0.007268 31
0.001061 118
4.814902 10
0.279734 2
0.003045 31
0.000757 118
53.000650 10
0.414810 2
0.014736 118
271.374907 10
0.224921 2
0.003014 5
0.000011 14
0.000028 23
0.000638 118
12.708177 10
0.270118 2
0.004715 5
0.000031 14
0.000079 9
0.000051 33
0.000013 22
0.000024 29
0.000031 20
0.000028 14
0.000024 19
0.000022 27
0.000023 34
0.000033 25
0.000034 18
0.000025 15
0.000043 14
0.000027 17
0.000048 20
0.000020 20
0.000021 20
0.000025 20
0.000027 20
0.000026 20
0.000026 20
0.000027 20
0.000026 22
0.000024 22
0.000023 20
0.000027 20
0.000026 20
0.000026 20
0.000042 14
0.001249 118
26.367072 10
0.457325 2
0.007133 19
0.000146 23
0.002089 118
24.721355 10
0.399943 2
0.002889 5
0.000018 14
0.000024 9
0.000017 14
0.000778 118
5.569310 10
0.220067 2
0.002606 5
0.000009 14
0.000046 23
0.000875 118
8.386726 10
0.261104 2
0.007568 19
0.000119 23
0.001801 118
59.534360 10
0.265496 2
0.003876 19
0.000040 23
0.000822 118
7.173679 10
0.224522 2
0.005199 236
0.000019 96
0.000006 47
0.000005 25
0.000004 58
0.000604 118
40.729241 10
0.284631 2
0.002736 236
0.000007 51
0.000020 175
0.000611 118
30.844141 10
0.309616 2
0.005365 65
0.000015 86
0.000009 25
0.000026 2
0.000025 58
0.000086 226
0.001127 118
933.250559 1
0.199969 1
1.035941 1
0.230028 1
0.645825 1
0.315312 1
0.650196 1
0.455953 9
0.510543 48
0.450214 48
0.130104 12
0.119540 1
0.110071 1
0.105674 1
0.199812 1
0.816471 1
0.168585 1
0.300411 4
0.115169 4
0.129902 4
0.123129 4
0.127031 4
0.139744 1
0.195595 1
0.085287 1
0.137780 2
0.003558 149
0.001598 118
2.481082 1
0.154224 1
0.243750 1
0.131756 1
0.100269 1
0.168897 1
0.684802 1
0.350486 1
0.435233 1
0.470570 1
0.440076 1
0.545821 8
0.385513 2
0.001005 71
0.000436 118
1.068881 19
0.230124 1
0.499499 1
0.030141 1
0.030749 1
0.030211 1
0.030821 1
0.029604 1
0.030873 1
0.030263 1
0.029756 1
0.569718 5
0.130145 5
0.125127 5
0.095036 5
0.245315 5
0.150137 5
0.299649 2
0.001594 118
0.958955 1
0.150164 1
0.540456 1
0.240296 8
0.355176 2
0.008673 21
0.001129 118
85.447352 11
0.309564 2
0.004813 21
0.003714 16
0.001209 6
0.001147 118
134.213787 11
0.199530 2
0.003457 21
0.001741 16
0.001119 6
0.002809 13
0.001269 118
16.561631 11
0.264743 2
0.003369 21
0.001882 16
0.000685 6
0.001542 5
0.000636 5
0.000998 5
0.001361 118
125.907142 1
0.215090 1
0.400293 1
0.651193 1
0.509725 4
0.130113 4
0.110187 4
0.074896 4
0.175080 1
0.135321 1
0.345229 1
0.340419 4
0.200035 1
0.135166 1
0.094946 1
0.120465 1
0.114924 1
0.270108 1
0.184714 1
0.210764 1
0.495102 1
0.224152 1
0.401268 1
0.143792 7
0.502366 2
0.001301 118
2.769580 1
0.155252 1
0.560457 1
0.230132 1
0.585334 1
0.180351 7
1.700660 1
0.275195 1
0.400393 1
0.291901 1
0.243542 2
0.001577 7
0.000480 118
21.250622 15
0.219967 1
1.455752 1
0.150020 1
0.191765 1
0.228594 1
0.241024 2
0.002350 12
0.000934 118
39.625003 1
0.326422 1
0.179136 1
0.194823 1
0.400065 1
0.170769 1
0.449732 4
0.130042 4
0.044874 1
0.205438 8
0.435176 2
0.004543 21
0.002192 16
0.002098 6
0.003199 5
0.001380 5
0.000763 5
0.001122 118
74.131184 11
0.229015 2
0.003110 21
0.001834 16
0.000625 6
0.001687 5
0.000949 5
0.000705 5
0.000935 118
46.152349 11
0.510200 2
0.003117 21
0.001729 16
0.000674 6
0.001874 5
0.000781 5
0.000732 5
0.001841 5
0.000971 5
0.000689 118
90.840060 11
0.845072 2
0.004780 21
0.002093 16
0.000771 6
0.002664 5
0.001036 5
0.001135 5
0.002389 5
0.000963 5
0.000979 5
0.000983 5
0.001965 11
0.001034 5
0.002087 14
0.000862 118
84.445863 11
0.269773 2
0.006249 21
0.002382 16
0.001090 6
0.002459 5
0.000966 5
0.000878 5
0.002730 5
0.000928 5
0.000878 5
0.001037 5
0.001858 11
0.000981 5
0.001918 14
0.001905 8
0.001123 8
0.001308 8
0.001299 8
0.000890 118
171.685960 11
1.131412 2
0.005567 21
0.003216 16
0.001306 6
0.001993 5
0.000818 5
0.000833 5
0.002534 5
0.001104 5
0.001275 5
0.001297 5
0.001998 11
0.000989 5
0.001860 14
0.002005 8
0.001045 8
0.001091 8
0.000992 8
0.002556 118
344.534057 1
0.330074 1
0.422705 1
0.157846 1
0.129915 1
0.130583 1
0.184537 1
0.374220 1
0.971603 4
0.180324 1
0.195286 1
0.155168 1
0.190425 1
0.104553 1
0.204482 1
0.501093 1
0.183939 4
0.449150 2
0.001227 118
1.036886 1
0.200282 1
0.100095 1
0.737524 4
0.012879 1
0.165442 1
0.377520 4
0.063405 1
0.134383 4
0.940521 2
0.002559 8
0.000619 118
225.716411 8
0.527703 2
0.002365 8
0.000801 5
0.001699 118
87.591338 8
0.224678 2
0.004150 8
0.000858 5
0.000737 2
0.000655 118
61.515737 8
0.249912 2
0.002339 8
0.000818 5
0.000830 2
0.001344 5
0.001009 118
1744.485651 1
0.256923 1
0.213449 1
0.115209 1
0.100064 1
0.115343 1
0.124970 1
0.184954 1
0.210124 1
0.265102 4
0.140570 4
0.109775 4
0.039964 1
0.304950 1
0.105241 1
0.175471 1
0.165383 1
0.331405 4
0.143456 4
0.125397 4
0.049833 1
0.150476 1
0.119842 1
0.099995 1
0.111819 1
0.172976 10
0.911822 2
0.001825 118
1.232931 1
0.115291 1
0.135118 1
0.185100 1
0.095364 11
0.495160 2
0.000717 79
0.000782 118
7.312820 15
0.295641 2
0.002415 118
123.927359 15
0.263723 2
0.027250 42
0.000774 118
438.015435 15
0.760203 2
0.005584 45
0.000695 118
11.780221 15
0.224862 2
0.004042 45
0.000628 118
9.611431 15
0.234501 2
0.005022 54
0.000627 118
2477.879919 1
0.175593 1
0.205022 1
0.160223 1
0.094782 1
0.146376 1
0.640334 1
0.269820 1
0.165094 1
1.236054 1
0.254763 1
0.075369 1
0.223890 1
0.751655 1
0.139605 2
0.893926 1
0.220542 7
0.763276 2
0.001327 118
1.098629 1
0.185149 1
0.285114 1
0.092819 1
0.212923 1
0.480011 1
0.130325 5
0.855240 4
0.115384 4
0.100024 4
0.125070 4
0.125158 4
0.125117 4
0.135211 4
0.134887 4
0.245235 1
0.076286 1
0.260670 1
0.184517 1
0.145510 1
0.103882 1
0.159863 6
0.540942 2
0.001961 6
0.000740 118
7.412377 14
0.400526 2
0.001541 6
0.000633 118
151.371201 14
0.351464 2
0.001610 9
0.000806 118
13.018183 14
0.279662 2
0.001547 11
0.000560 118
1549.812777 1
0.105034 1
0.295221 1
0.350132 4
0.240205 1
0.400177 4
0.145354 4
0.104862 4
0.135139 1
27.311684 1
0.699213 1
0.245203 1
0.149451 1
0.110327 1
0.115715 1
1.195189 1
0.285279 1
0.455235 1
0.275475 1
0.219745 1
0.065025 1
0.269278 8
0.442727 2
0.001354 118
0.347380 1
0.175188 1
0.191843 1
0.053321 1
0.180332 8
0.425487 2
0.001674 99
0.003131 95
0.000024 31
0.000980 153
0.000632 118
34.651715 12
0.228933 2
0.001459 99
0.001019 95
0.000039 31
0.001133 127
0.000011 26
0.00053